Timeit: Welch power spectrum

Conda environment:
  C:\Users\vangi\anaconda3\envs\lia

Running on...
  node   : Onera
  system : Windows
  release: 10
  version: 10.0.19041
  machine: AMD64
  proc   : AMD64 Family 23 Model 113 Stepping 0, AuthenticAMD
  Python : 3.9.4

N = 1000, REPS = 5

scipy.signal.welch:
               1.172 ms
               1.100 ms
               1.098 ms
               1.097 ms
               1.097 ms

dvg_fftw_welchpowerspectrum:
               0.325 ms
               0.319 ms
               0.315 ms
               0.315 ms
               0.313 ms

Times faster: 3.50
