Timeit: Welch power spectrum

Conda environment:
  /home/areno/anaconda3/envs/lia

Running on...
  node   : areno
  system : Linux
  release: 4.18.0-25-generic
  version: #26~18.04.1-Ubuntu SMP Thu Jun 27 07:28:31 UTC 2019
  machine: x86_64
  proc   : x86_64
  Python : 3.8.10

N = 1000, REPS = 5

scipy.signal.welch:
               0.826 ms
               0.799 ms
               0.799 ms
               0.807 ms
               0.795 ms

dvg_fftw_welchpowerspectrum:
    FFTW_THREADS = 5
               0.289 ms
               0.273 ms
               0.282 ms
               0.273 ms
               0.273 ms

Times faster: 2.92
