Timeit: fftconvolve

Conda environment:
  /home/areno/anaconda3/envs/liaforge

Running on...
  node   : areno
  system : Linux
  release: 4.18.0-25-generic
  version: #26~18.04.1-Ubuntu SMP Thu Jun 27 07:28:31 UTC 2019
  machine: x86_64
  proc   : x86_64
  Python : 3.8.10

N = 1000, REPS = 5

block size = 2000
N_blocks   = 21
--> rb_capacity = 42000
--> N_taps      = 40001

#1  scipy.signal.fftconvolve:
               1.957 ms
               1.946 ms
               1.946 ms
               1.945 ms
               1.944 ms

#2  dvg_fftw_convolver.convolve:
    FFTW_THREADS = 2
               0.614 ms
               0.610 ms
               0.611 ms
               0.612 ms
               0.611 ms

Times faster #1/#2: 3.19
