Timeit: fftconvolve

Running on...
  node   : Onera
  system : Windows
  release: 10
  version: 10.0.18362
  machine: AMD64
  proc   : Intel64 Family 6 Model 58 Stepping 9, GenuineIntel
  Python : 3.7.3

N = 1000, REPS = 5

N_buffers   = 41
buffer size = 500

#1  scipy.signal.fftconvolve:
               0.889 ms
               0.814 ms
               0.801 ms
               0.790 ms
               0.774 ms

#2  DvG_FFTW_ConvolveValid1D:
               0.641 ms
               0.623 ms
               0.602 ms
               0.627 ms
               0.615 ms

#3  CUDA sigpy.convolve:
              14.980 ms
              13.512 ms
              13.492 ms
              13.491 ms
              13.489 ms

Times faster #1/#2: 1.29
Times faster #1/#3: 0.06
