Timeit: fftconvolve

Running on...
  node   : areno
  system : Linux
  release: 4.18.0-25-generic
  version: #26~18.04.1-Ubuntu SMP Thu Jun 27 07:28:31 UTC 2019
  machine: x86_64
  proc   : x86_64
  Python : 3.7.3

N = 1000, REPS = 5

N_buffers   = 41
buffer size = 500

#1  scipy.signal.fftconvolve:
               0.603 ms
               0.594 ms
               0.594 ms
               0.599 ms
               0.594 ms

#2  DvG_FFTW_ConvolveValid1D:
               0.578 ms
               0.567 ms
               0.567 ms
               0.567 ms
               0.567 ms

#3  CUDA sigpy.convolve:
              14.332 ms
              13.354 ms
              13.425 ms
              13.351 ms
              13.349 ms

Times faster #1/#2: 1.05
Times faster #1/#3: 0.04
