Timeit: fftconvolve

Conda environment:
  C:\Users\vangi\anaconda3\envs\liaforge

Running on...
  node   : Onera
  system : Windows
  release: 10
  version: 10.0.19042
  machine: AMD64
  proc   : AMD64 Family 23 Model 113 Stepping 0, AuthenticAMD
  Python : 3.8.10

N = 1000, REPS = 5

block size = 2000
N_blocks   = 21
--> rb_capacity = 42000
--> N_taps      = 40001

#1  scipy.signal.fftconvolve:
               3.427 ms
               3.426 ms
               3.469 ms
               3.378 ms
               3.362 ms

#2  dvg_fftw_convolver.convolve:
    FFTW_THREADS = 2
               0.578 ms
               0.579 ms
               0.575 ms
               0.578 ms
               0.580 ms

Times faster #1/#2: 5.85
