Timeit: Welch power spectrum

Running on...
  node   : areno
  system : Linux
  release: 4.18.0-25-generic
  version: #26~18.04.1-Ubuntu SMP Thu Jun 27 07:28:31 UTC 2019
  machine: x86_64
  proc   : x86_64
  Python : 3.7.3

N = 1000, REPS = 5

scipy.signal.welch:
               0.907 ms
               0.909 ms
               0.904 ms
               0.904 ms
               0.904 ms

DvG_FFTW_WelchPowerSpectrum:
               0.648 ms
               0.638 ms
               0.638 ms
               0.638 ms
               0.638 ms

Times faster: 1.42
