Timeit: Welch power spectrum

Running on...
  node   : Onera
  system : Windows
  release: 10
  version: 10.0.18362
  machine: AMD64
  proc   : Intel64 Family 6 Model 58 Stepping 9, GenuineIntel
  Python : 3.6.8

N = 1000, REPS = 5

scipy.signal.welch:
               1.404 ms
               1.428 ms
               1.377 ms
               1.423 ms
               1.449 ms

DvG_FFTW_WelchPowerSpectrum:
               0.647 ms
               0.623 ms
               0.621 ms
               0.624 ms
               0.627 ms

Times faster: 2.22
