Timeit: Welch power spectrum

Running on...
  node   : Onera
  system : Windows
  release: 10
  version: 10.0.18362
  machine: AMD64
  proc   : Intel64 Family 6 Model 58 Stepping 9, GenuineIntel
  Python : 3.6.8

N = 1000, REPS = 5

scipy.signal.welch:
               1.534 ms
               1.562 ms
               1.567 ms
               1.557 ms
               1.537 ms

DvG_FFTW_WelchPowerSpectrum:
               0.897 ms
               0.856 ms
               0.861 ms
               0.865 ms
               0.859 ms

Times faster: 1.79
