Timeit: fftconvolve

Conda environment:
  C:\Users\vangi\anaconda3\envs\lia

Running on...
  node   : Onera
  system : Windows
  release: 10
  version: 10.0.19041
  machine: AMD64
  proc   : AMD64 Family 23 Model 113 Stepping 0, AuthenticAMD
  Python : 3.9.4

N = 1000, REPS = 5

block size = 2000
N_blocks   = 21
--> rb_capacity = 42000
--> N_taps      = 40001

#1  scipy.signal.fftconvolve:
               2.848 ms
               2.704 ms
               2.707 ms
               2.695 ms
               2.697 ms

#2  dvg_fftw_convolver.convolve:
    FFTW_THREADS = 3
               1.056 ms
               1.056 ms
               1.059 ms
               1.062 ms
               1.059 ms

Times faster #1/#2: 2.55
