Timeit: Welch power spectrum

Conda environment:
  /home/areno/anaconda3/envs/lia

Running on...
  node   : areno
  system : Linux
  release: 4.18.0-25-generic
  version: #26~18.04.1-Ubuntu SMP Thu Jun 27 07:28:31 UTC 2019
  machine: x86_64
  proc   : x86_64
  Python : 3.9.4

N = 1000, REPS = 5

scipy.signal.welch:
               0.690 ms
               0.686 ms
               0.686 ms
               0.686 ms
               0.699 ms

dvg_fftw_welchpowerspectrum:
               0.332 ms
               0.332 ms
               0.331 ms
               0.329 ms
               0.333 ms

Times faster: 2.08
