Timeit: Welch power spectrum

Running on...
  node   : Onera
  system : Windows
  release: 10
  version: 10.0.18362
  machine: AMD64
  proc   : Intel64 Family 6 Model 58 Stepping 9, GenuineIntel
  Python : 3.6.8

N = 1000, REPS = 5

scipy.signal.welch:
               1.453 ms
               1.450 ms
               1.864 ms
               1.415 ms
               1.838 ms

DvG_FFTW_WelchPowerSpectrum:
               1.025 ms
               1.015 ms
               1.018 ms
               1.024 ms
               1.018 ms

Times faster: 1.39
